#
# There is insufficient memory for the Java Runtime Environment to continue.
# Native memory allocation (mmap) failed to map 134217728 bytes for G1 virtual space
# Possible reasons:
#   The system is out of physical RAM or swap space
#   The process is running with CompressedOops enabled, and the Java Heap may be blocking the growth of the native heap
# Possible solutions:
#   Reduce memory load on the system
#   Increase physical memory or swap space
#   Check if swap backing store is full
#   Decrease Java heap size (-Xmx/-Xms)
#   Decrease number of Java threads
#   Decrease Java thread stack sizes (-Xss)
#   Set larger code cache with -XX:ReservedCodeCacheSize=
#   JVM is running with Unscaled Compressed Oops mode in which the Java heap is
#     placed in the first 4GB address space. The Java Heap base address is the
#     maximum limit for the native heap growth. Please use -XX:HeapBaseMinAddress
#     to set the Java Heap base and to place the Java Heap above 4GB virtual address.
# This output file may be truncated or incomplete.
#
#  Out of Memory Error (os_windows.cpp:3469), pid=17224, tid=7128
#
# JRE version:  (17.0.1+12) (build )
# Java VM: OpenJDK 64-Bit Server VM (17.0.1+12, mixed mode, sharing, tiered, compressed oops, compressed class ptrs, g1 gc, windows-amd64)
# No core dump will be written. Minidumps are not enabled by default on client versions of Windows
#

---------------  S U M M A R Y ------------

Command Line: -Dcom.sun.management.jmxremote -Dcom.sun.management.jmxremote.port=56960 -Dcom.sun.management.jmxremote.authenticate=false -Dcom.sun.management.jmxremote.ssl=false -Djava.rmi.server.hostname=localhost -Dspring.application.admin.enabled=true -Dspring.jmx.enabled=true -XX:+ShowCodeDetailsInExceptionMessages -Dfile.encoding=UTF-8 Retos_ciclo4.Retos.RetosApplication

Host: Intel(R) Core(TM) i7-3630QM CPU @ 2.40GHz, 8 cores, 7G,  Windows 10 , 64 bit Build 19041 (10.0.19041.1151)
Time: Thu Dec 16 18:32:15 2021 Hora est. Pacífico, Sudamérica elapsed time: 0.142424 seconds (0d 0h 0m 0s)

---------------  T H R E A D  ---------------

Current thread (0x000001e1ae09af60):  JavaThread "Unknown thread" [_thread_in_vm, id=7128, stack(0x000000182a200000,0x000000182a300000)]

Stack: [0x000000182a200000,0x000000182a300000]
Native frames: (J=compiled Java code, j=interpreted, Vv=VM code, C=native code)
V  [jvm.dll+0x6744da]
V  [jvm.dll+0x82e144]
V  [jvm.dll+0x82f8ee]
V  [jvm.dll+0x82ff53]
V  [jvm.dll+0x245175]
V  [jvm.dll+0x6714c9]
V  [jvm.dll+0x665f92]
V  [jvm.dll+0x303c3b]
V  [jvm.dll+0x30b176]
V  [jvm.dll+0x35af1e]
V  [jvm.dll+0x35b14f]
V  [jvm.dll+0x2dab78]
V  [jvm.dll+0x2dbae4]
V  [jvm.dll+0x7ffdf1]
V  [jvm.dll+0x368c91]
V  [jvm.dll+0x7df2cc]
V  [jvm.dll+0x3eb59f]
V  [jvm.dll+0x3ed121]
C  [jli.dll+0x5277]
C  [ucrtbase.dll+0x21bb2]
C  [KERNEL32.DLL+0x17034]
C  [ntdll.dll+0x52651]


---------------  P R O C E S S  ---------------

Threads class SMR info:
_java_thread_list=0x00007ffbe8414e58, length=0, elements={
}

Java Threads: ( => current thread )

Other Threads:
  0x000001e1ae0ddce0 GCTaskThread "GC Thread#0" [stack: 0x000000182a300000,0x000000182a400000] [id=1424]
  0x000001e1ae0ef7b0 ConcurrentGCThread "G1 Main Marker" [stack: 0x000000182a400000,0x000000182a500000] [id=19568]
  0x000001e1ae0f0860 ConcurrentGCThread "G1 Conc#0" [stack: 0x000000182a500000,0x000000182a600000] [id=11048]

[error occurred during error reporting (printing all threads), id 0xc0000005, EXCEPTION_ACCESS_VIOLATION (0xc0000005) at pc=0x00007ffbe7beb5f7]

VM state: not at safepoint (not fully initialized)

VM Mutex/Monitor currently owned by a thread:  ([mutex/lock_event])
[0x000001e1ae095c60] Heap_lock - owner thread: 0x000001e1ae09af60

Heap address: 0x0000000081c00000, size: 2020 MB, Compressed Oops mode: 32-bit

CDS archive(s) mapped at: [0x0000000000000000-0x0000000000000000-0x0000000000000000), size 0, SharedBaseAddress: 0x0000000800000000, ArchiveRelocationMode: 0.
Narrow klass base: 0x0000000000000000, Narrow klass shift: 0, Narrow klass range: 0x0

GC Precious Log:
<Empty>

Heap:
 garbage-first heap   total 0K, used 0K [0x0000000081c00000, 0x0000000100000000)
  region size 1024K, 0 young (0K), 0 survivors (0K)

[error occurred during error reporting (printing heap information), id 0xc0000005, EXCEPTION_ACCESS_VIOLATION (0xc0000005) at pc=0x00007ffbe7fcd729]

GC Heap History (0 events):
No events

Deoptimization events (0 events):
No events

Classes unloaded (0 events):
No events

Classes redefined (0 events):
No events

Internal exceptions (0 events):
No events

VM Operations (0 events):
No events

Events (1 events):
Event: 0.039 Loaded shared library C:\Program Files\Eclipse Adoptium\jdk-17.0.1.12-hotspot\bin\java.dll


Dynamic libraries:
0x00007ff746d80000 - 0x00007ff746d8e000 	C:\Program Files\Eclipse Adoptium\jdk-17.0.1.12-hotspot\bin\java.exe
0x00007ffc3e350000 - 0x00007ffc3e545000 	C:\WINDOWS\SYSTEM32\ntdll.dll
0x00007ffc3caa0000 - 0x00007ffc3cb5d000 	C:\WINDOWS\System32\KERNEL32.DLL
0x00007ffc3bd50000 - 0x00007ffc3c019000 	C:\WINDOWS\System32\KERNELBASE.dll
0x00007ffc3c0d0000 - 0x00007ffc3c1d0000 	C:\WINDOWS\System32\ucrtbase.dll
0x00007ffc24d30000 - 0x00007ffc24d49000 	C:\Program Files\Eclipse Adoptium\jdk-17.0.1.12-hotspot\bin\VCRUNTIME140.dll
0x00007ffc24c50000 - 0x00007ffc24c68000 	C:\Program Files\Eclipse Adoptium\jdk-17.0.1.12-hotspot\bin\jli.dll
0x00007ffc3c720000 - 0x00007ffc3c8c0000 	C:\WINDOWS\System32\USER32.dll
0x00007ffc3ba80000 - 0x00007ffc3baa2000 	C:\WINDOWS\System32\win32u.dll
0x00007ffc26f30000 - 0x00007ffc271ca000 	C:\WINDOWS\WinSxS\amd64_microsoft.windows.common-controls_6595b64144ccf1df_6.0.19041.1110_none_60b5254171f9507e\COMCTL32.dll
0x00007ffc3c3b0000 - 0x00007ffc3c3da000 	C:\WINDOWS\System32\GDI32.dll
0x00007ffc3d690000 - 0x00007ffc3d72e000 	C:\WINDOWS\System32\msvcrt.dll
0x00007ffc3bba0000 - 0x00007ffc3bcab000 	C:\WINDOWS\System32\gdi32full.dll
0x00007ffc3bcb0000 - 0x00007ffc3bd4d000 	C:\WINDOWS\System32\msvcp_win.dll
0x00007ffc3cca0000 - 0x00007ffc3ccd0000 	C:\WINDOWS\System32\IMM32.DLL
0x00007ffc2a5f0000 - 0x00007ffc2a5fc000 	C:\Program Files\Eclipse Adoptium\jdk-17.0.1.12-hotspot\bin\vcruntime140_1.dll
0x00007ffc0ea90000 - 0x00007ffc0eb21000 	C:\Program Files\Eclipse Adoptium\jdk-17.0.1.12-hotspot\bin\msvcp140.dll
0x00007ffbe7900000 - 0x00007ffbe8546000 	C:\Program Files\Eclipse Adoptium\jdk-17.0.1.12-hotspot\bin\server\jvm.dll
0x00007ffc3c3e0000 - 0x00007ffc3c48c000 	C:\WINDOWS\System32\ADVAPI32.dll
0x00007ffc3c680000 - 0x00007ffc3c71b000 	C:\WINDOWS\System32\sechost.dll
0x00007ffc3c8c0000 - 0x00007ffc3c9ea000 	C:\WINDOWS\System32\RPCRT4.dll
0x00007ffc3d620000 - 0x00007ffc3d628000 	C:\WINDOWS\System32\PSAPI.DLL
0x00007ffc29c30000 - 0x00007ffc29c39000 	C:\WINDOWS\SYSTEM32\WSOCK32.dll
0x00007ffc36d40000 - 0x00007ffc36d67000 	C:\WINDOWS\SYSTEM32\WINMM.dll
0x00007ffc3e1c0000 - 0x00007ffc3e22b000 	C:\WINDOWS\System32\WS2_32.dll
0x00007ffc2c360000 - 0x00007ffc2c36a000 	C:\WINDOWS\SYSTEM32\VERSION.dll
0x00007ffc39950000 - 0x00007ffc39962000 	C:\WINDOWS\SYSTEM32\kernel.appcore.dll
0x00007ffc2a290000 - 0x00007ffc2a29a000 	C:\Program Files\Eclipse Adoptium\jdk-17.0.1.12-hotspot\bin\jimage.dll
0x00007ffc2d250000 - 0x00007ffc2d434000 	C:\WINDOWS\SYSTEM32\DBGHELP.DLL
0x00007ffc2d080000 - 0x00007ffc2d0ac000 	C:\WINDOWS\SYSTEM32\dbgcore.DLL
0x00007ffc3bb10000 - 0x00007ffc3bb93000 	C:\WINDOWS\System32\bcryptPrimitives.dll
0x00007ffc24730000 - 0x00007ffc24755000 	C:\Program Files\Eclipse Adoptium\jdk-17.0.1.12-hotspot\bin\java.dll

dbghelp: loaded successfully - version: 4.0.5 - missing functions: none
symbol engine: initialized successfully - sym options: 0x614 - pdb path: .;C:\Program Files\Eclipse Adoptium\jdk-17.0.1.12-hotspot\bin;C:\WINDOWS\SYSTEM32;C:\WINDOWS\WinSxS\amd64_microsoft.windows.common-controls_6595b64144ccf1df_6.0.19041.1110_none_60b5254171f9507e;C:\Program Files\Eclipse Adoptium\jdk-17.0.1.12-hotspot\bin\server

VM Arguments:
jvm_args: -Dcom.sun.management.jmxremote -Dcom.sun.management.jmxremote.port=56960 -Dcom.sun.management.jmxremote.authenticate=false -Dcom.sun.management.jmxremote.ssl=false -Djava.rmi.server.hostname=localhost -Dspring.application.admin.enabled=true -Dspring.jmx.enabled=true -XX:+ShowCodeDetailsInExceptionMessages -Dfile.encoding=UTF-8 
java_command: Retos_ciclo4.Retos.RetosApplication
java_class_path (initial): C:\IVAN\CURSO TIC PARA PROGRAMADORES\DESARRO_SOFTWARE\CICLO4\RETO41\Ciclo4_Retos-Retos 3-4\target\classes;C:\Users\JORGE\.m2\repository\org\springframework\boot\spring-boot-starter-data-mongodb\2.6.0\spring-boot-starter-data-mongodb-2.6.0.jar;C:\Users\JORGE\.m2\repository\org\springframework\boot\spring-boot-starter\2.6.0\spring-boot-starter-2.6.0.jar;C:\Users\JORGE\.m2\repository\org\springframework\boot\spring-boot-starter-logging\2.6.0\spring-boot-starter-logging-2.6.0.jar;C:\Users\JORGE\.m2\repository\ch\qos\logback\logback-classic\1.2.7\logback-classic-1.2.7.jar;C:\Users\JORGE\.m2\repository\ch\qos\logback\logback-core\1.2.7\logback-core-1.2.7.jar;C:\Users\JORGE\.m2\repository\org\apache\logging\log4j\log4j-to-slf4j\2.14.1\log4j-to-slf4j-2.14.1.jar;C:\Users\JORGE\.m2\repository\org\apache\logging\log4j\log4j-api\2.14.1\log4j-api-2.14.1.jar;C:\Users\JORGE\.m2\repository\org\slf4j\jul-to-slf4j\1.7.32\jul-to-slf4j-1.7.32.jar;C:\Users\JORGE\.m2\repository\jakarta\annotation\jakarta.annotation-api\1.3.5\jakarta.annotation-api-1.3.5.jar;C:\Users\JORGE\.m2\repository\org\yaml\snakeyaml\1.29\snakeyaml-1.29.jar;C:\Users\JORGE\.m2\repository\org\mongodb\mongodb-driver-sync\4.4.0\mongodb-driver-sync-4.4.0.jar;C:\Users\JORGE\.m2\repository\org\mongodb\bson\4.4.0\bson-4.4.0.jar;C:\Users\JORGE\.m2\repository\org\mongodb\mongodb-driver-core\4.4.0\mongodb-driver-core-4.4.0.jar;C:\Users\JORGE\.m2\repository\org\springframework\data\spring-data-mongodb\3.3.0\spring-data-mongodb-3.3.0.jar;C:\Users\JORGE\.m2\repository\org\springframework\spring-tx\5.3.13\spring-tx-5.3.13.jar;C:\Users\JORGE\.m2\repository\org\springframework\spring-context\5.3.13\spring-context-5.3.13.jar;C:\Users\JORGE\.m2\repository\org\springframework\spring-beans\5.3.13\spring-beans-5.3.13.jar;C:\Users\JORGE\.m2\repository\org\springframework\spring-expression\5.3.13\spring-expression-5.3.13.jar;C:\Users\JORGE\.m2\repository\org\springframework\data\spring-data-commons\2.6.0\spring
Launcher Type: SUN_STANDARD

[Global flags]
     intx CICompilerCount                          = 4                                         {product} {ergonomic}
     uint ConcGCThreads                            = 2                                         {product} {ergonomic}
     uint G1ConcRefinementThreads                  = 8                                         {product} {ergonomic}
   size_t G1HeapRegionSize                         = 1048576                                   {product} {ergonomic}
    uintx GCDrainStackTargetSize                   = 64                                        {product} {ergonomic}
   size_t InitialHeapSize                          = 134217728                                 {product} {ergonomic}
     bool ManagementServer                         = true                                      {product} {command line}
   size_t MarkStackSize                            = 4194304                                   {product} {ergonomic}
   size_t MaxHeapSize                              = 2118123520                                {product} {ergonomic}
   size_t MinHeapDeltaBytes                        = 1048576                                   {product} {ergonomic}
   size_t MinHeapSize                              = 8388608                                   {product} {ergonomic}
    uintx NonNMethodCodeHeapSize                   = 5839372                                {pd product} {ergonomic}
    uintx NonProfiledCodeHeapSize                  = 122909434                              {pd product} {ergonomic}
    uintx ProfiledCodeHeapSize                     = 122909434                              {pd product} {ergonomic}
    uintx ReservedCodeCacheSize                    = 251658240                              {pd product} {ergonomic}
     bool SegmentedCodeCache                       = true                                      {product} {ergonomic}
     bool ShowCodeDetailsInExceptionMessages       = true                                   {manageable} {command line}
   size_t SoftMaxHeapSize                          = 2118123520                             {manageable} {ergonomic}
     bool UseCompressedClassPointers               = true                           {product lp64_product} {ergonomic}
     bool UseCompressedOops                        = true                           {product lp64_product} {ergonomic}
     bool UseG1GC                                  = true                                      {product} {ergonomic}
     bool UseLargePagesIndividualAllocation        = false                                  {pd product} {ergonomic}

Logging:
Log output configuration:
 #0: stdout all=warning uptime,level,tags
 #1: stderr all=off uptime,level,tags

Environment Variables:
JAVA_HOME=C:\Users\JORGE\AppData\Local\Programs\Eclipse Foundation\jdk-11.0.12.7-hotspot\
PATH=C:\Program Files\Eclipse Adoptium\jdk-17.0.1.12-hotspot\bin;C:\Program Files\Microsoft\jdk-11.0.12.7-hotspot\bin;C:\Program Files (x86)\Common Files\Oracle\Java\javapath;C:\ProgramData\Oracle\Java\javapath;C:\WINDOWS\system32;C:\WINDOWS;C:\WINDOWS\System32\Wbem;C:\WINDOWS\System32\WindowsPowerShell\v1.0\;C:\WINDOWS\System32\OpenSSH\;C:\Program Files\Java\jdk1.8.0_111\bin;C:\Program Files\Inkscape\bin;C:\Program Files\Git\cmd;C:\Program Files\MongoDB\Server\5.0\bin;C:\Program Files\nodejs\;C:\Program Files\Docker\Docker\resources\bin;C:\ProgramData\DockerDesktop\version-bin;C:\Users\JORGE\AppData\Local\Programs\Eclipse Foundation\jdk-11.0.12.7-hotspot\bin;C:\Program Files\MySQL\MySQL Shell 8.0\bin\;C:\Users\JORGE\AppData\Local\Programs\Python\Python39\Scripts\;C:\Users\JORGE\AppData\Local\Programs\Python\Python39\;C:\Users\JORGE\AppData\Local\Microsoft\WindowsApps;;C:\Users\JORGE\AppData\Local\Programs\Microsoft VS Code\bin;C:\Users\JORGE\AppData\Roaming\npm
USERNAME=JORGE
OS=Windows_NT
PROCESSOR_IDENTIFIER=Intel64 Family 6 Model 58 Stepping 9, GenuineIntel



---------------  S Y S T E M  ---------------

OS:
 Windows 10 , 64 bit Build 19041 (10.0.19041.1151)
OS uptime: 1 days 23:26 hours
Hyper-V role detected

CPU: total 8 (initial active 8) (4 cores per cpu, 2 threads per core) family 6 model 58 stepping 9 microcode 0x21, cx8, cmov, fxsr, ht, mmx, sse, sse2, sse3, ssse3, sse4.1, sse4.2, popcnt, tsc, tscinvbit, avx, aes, erms, clmul, vzeroupper, clflush, hv

Memory: 4k page, system-wide physical 8076M (1145M free)
TotalPageFile size 11880M (AvailPageFile size 95M)
current process WorkingSet (physical memory assigned to process): 10M, peak: 10M
current process commit charge ("private bytes"): 60M, peak: 188M

vm_info: OpenJDK 64-Bit Server VM (17.0.1+12) for windows-amd64 JRE (17.0.1+12), built on Oct 20 2021 07:42:55 by "" with MS VC++ 16.7 (VS2019)

END.
